<?xml version="1.0" encoding="UTF-8"?>
<!-- Generated by org.testng.reporters.JUnitReportReporter -->
<testsuite hostname="DESKTOP-EJKJD23" failures="0" tests="8" name="almousafer.almosap" time="26.890" errors="0" timestamp="2023-12-07T02:46:08 PST" skipped="6">
  <testcase classname="almousafer.almosap" name="HotelTabSwitch" time="26.242"/>
  <system-out/>
  <testcase classname="almousafer.almosap" name="CheckhotelIsNotSelected" time="0.648"/>
  <system-out/>
  <testcase classname="almousafer.almosap" name="CheckTheDateOfTheWebSite">
    <skipped/>
  </testcase> <!-- CheckTheDateOfTheWebSite -->
  <system-out/>
  <testcase classname="almousafer.almosap" name="CheckTheFooter">
    <skipped/>
  </testcase> <!-- CheckTheFooter -->
  <system-out/>
  <testcase classname="almousafer.almosap" name="Checkthenumber">
    <skipped/>
  </testcase> <!-- Checkthenumber -->
  <system-out/>
  <testcase classname="almousafer.almosap" name="Chackthelanguage">
    <skipped/>
  </testcase> <!-- Chackthelanguage -->
  <system-out/>
  <testcase classname="almousafer.almosap" name="Changethelanguage">
    <skipped/>
  </testcase> <!-- Changethelanguage -->
  <system-out/>
  <testcase classname="almousafer.almosap" name="Chackthecarrancy">
    <skipped/>
  </testcase> <!-- Chackthecarrancy -->
  <system-out/>
</testsuite> <!-- almousafer.almosap -->
