<?xml version="1.0" encoding="UTF-8"?>
<!-- Generated by org.testng.reporters.JUnitReportReporter -->
<testsuite hostname="DESKTOP-EJKJD23" failures="0" tests="6" name="almousafer.almosap" time="2.938" errors="0" timestamp="2023-11-28T17:19:05 PST" skipped="0">
  <testcase classname="almousafer.almosap" name="Checkthenumber" time="0.062"/>
  <system-out/>
  <testcase classname="almousafer.almosap" name="CheckTheFooter" time="0.092"/>
  <system-out/>
  <testcase classname="almousafer.almosap" name="Changethelanguage" time="2.543"/>
  <system-out/>
  <testcase classname="almousafer.almosap" name="CheckhotelIsNotSelected" time="0.060"/>
  <system-out/>
  <testcase classname="almousafer.almosap" name="Chackthelanguage" time="0.098"/>
  <system-out/>
  <testcase classname="almousafer.almosap" name="Chackthecarrancy" time="0.083"/>
  <system-out/>
</testsuite> <!-- almousafer.almosap -->
